2020-10-21T08:28:09.546Z: ActiveRecord connection established
2020-10-21T08:29:09.552Z: ActiveRecord connection established
2020-10-21T08:32:29.720Z: ActiveRecord connection established
2020-10-21T08:33:29.932Z: ActiveRecord connection established
2020-10-21T08:35:30.146Z: ActiveRecord connection established
2020-10-21T08:37:30.246Z: ActiveRecord connection established
2020-10-21T08:38:30.549Z: ActiveRecord connection established
2020-10-21T08:39:50.756Z: ActiveRecord connection established
2020-10-21T08:41:50.977Z: ActiveRecord connection established
2020-10-21T08:42:31.121Z: Cached record for Appearance couldn't be loaded, falling back to uncached record: PG::ConnectionBad: PQconsumeInput() server closed the connection unexpectedly
	This probably means the server terminated abnormally
	before or while processing the request.

2020-10-21T08:43:40.925Z: Checking state of dynamic postgres partitions
2020-10-21T08:43:48.016Z: Checking state of dynamic postgres partitions
2020-10-21T08:44:31.121Z: ActiveRecord connection disconnected
2020-10-21T08:44:31.608Z: ActiveRecord connection established
2020-10-21T08:44:31.622Z: ActiveRecord connection established
2020-10-21T08:44:40.749Z: ActiveRecord connection established
2020-10-21T08:44:41.675Z: Checking state of dynamic postgres partitions
2020-10-21T08:45:56.867Z: ActiveRecord connection established
2020-10-21T08:47:36.272Z: Checking state of dynamic postgres partitions
2020-10-21T08:47:43.330Z: Checking state of dynamic postgres partitions
2020-10-21T08:48:26.590Z: ActiveRecord connection disconnected
2020-10-21T08:48:27.153Z: ActiveRecord connection established
2020-10-21T08:48:27.177Z: ActiveRecord connection established
2020-10-21T08:48:39.150Z: ActiveRecord connection established
2020-10-21T08:48:41.867Z: Checking state of dynamic postgres partitions
2020-10-21T08:48:52.407Z: ActiveRecord connection established
2020-10-21T08:51:12.636Z: ActiveRecord connection established
2020-10-21T08:53:12.652Z: ActiveRecord connection established
2020-10-21T08:54:25.064Z: Checking state of dynamic postgres partitions
2020-10-21T08:54:33.533Z: Checking state of dynamic postgres partitions
2020-10-21T08:55:05.158Z: ActiveRecord connection disconnected
2020-10-21T08:55:05.526Z: ActiveRecord connection established
2020-10-21T08:55:05.597Z: ActiveRecord connection established
2020-10-21T08:55:27.044Z: ActiveRecord connection established
2020-10-21T08:55:28.226Z: Checking state of dynamic postgres partitions
2020-10-21T08:55:50.744Z: ActiveRecord connection established
2020-10-21T08:57:36.420Z: Checking state of dynamic postgres partitions
2020-10-21T08:57:40.600Z: Checking state of dynamic postgres partitions
2020-10-21T08:58:19.421Z: ActiveRecord connection disconnected
2020-10-21T08:58:19.837Z: ActiveRecord connection established
2020-10-21T08:58:19.890Z: ActiveRecord connection established
2020-10-21T08:59:29.566Z: Checking state of dynamic postgres partitions
2020-10-21T08:59:37.858Z: Checking state of dynamic postgres partitions
2020-10-21T09:00:22.183Z: ActiveRecord connection disconnected
2020-10-21T09:00:22.649Z: ActiveRecord connection established
2020-10-21T09:00:22.653Z: ActiveRecord connection established
2020-10-21T09:00:34.368Z: ActiveRecord connection established
2020-10-21T09:00:35.658Z: Checking state of dynamic postgres partitions
2020-10-21T09:00:43.942Z: StuckCiJobsWorker: Cleaning stuck builds
2020-10-21T09:00:48.026Z: ActiveRecord connection established
2020-10-21T09:01:47.898Z: ActiveRecord connection established
2020-10-21T09:03:08.118Z: ActiveRecord connection established
2020-10-21T09:04:08.146Z: ActiveRecord connection established
2020-10-21T09:05:08.146Z: ActiveRecord connection established
2020-10-21T09:08:08.449Z: ActiveRecord connection established
2020-10-21T09:09:08.715Z: ActiveRecord connection established
2020-10-21T09:09:28.921Z: ActiveRecord connection established
2020-10-21T09:10:53.815Z: Checking state of dynamic postgres partitions
2020-10-21T09:10:59.532Z: Checking state of dynamic postgres partitions
2020-10-21T09:11:35.853Z: ActiveRecord connection disconnected
2020-10-21T09:11:36.168Z: ActiveRecord connection established
2020-10-21T09:11:36.251Z: ActiveRecord connection established
2020-10-21T09:11:53.329Z: ActiveRecord connection established
2020-10-21T09:11:54.241Z: Checking state of dynamic postgres partitions
2020-10-21T09:12:21.447Z: ActiveRecord connection established
2020-10-21T09:14:21.770Z: ActiveRecord connection established
2020-10-21T09:15:41.987Z: ActiveRecord connection established
2020-10-21T09:17:42.011Z: ActiveRecord connection established
2020-10-21T09:18:42.018Z: ActiveRecord connection established
2020-10-21T09:19:42.234Z: ActiveRecord connection established
2020-10-21T09:21:02.452Z: ActiveRecord connection established
2020-10-21T09:24:02.518Z: ActiveRecord connection established
2020-10-21T09:26:02.825Z: ActiveRecord connection established
2020-10-21T09:27:03.038Z: ActiveRecord connection established
2020-10-21T09:39:14.047Z: Checking state of dynamic postgres partitions
2020-10-21T09:39:19.476Z: Checking state of dynamic postgres partitions
2020-10-21T09:40:10.066Z: ActiveRecord connection disconnected
2020-10-21T09:40:10.840Z: ActiveRecord connection established
2020-10-21T09:40:10.856Z: ActiveRecord connection established
2020-10-21T09:40:25.461Z: ActiveRecord connection established
2020-10-21T09:40:26.485Z: Checking state of dynamic postgres partitions
2020-10-21T09:41:36.153Z: ActiveRecord connection established
2020-10-21T09:42:36.456Z: ActiveRecord connection established
2020-10-21T09:43:56.700Z: ActiveRecord connection established
2020-10-21T09:44:56.943Z: ActiveRecord connection established
2020-10-21T09:45:57.182Z: ActiveRecord connection established
2020-10-21T09:46:57.417Z: ActiveRecord connection established
2020-10-21T09:47:57.189Z: ActiveRecord connection established
2020-10-21T09:49:57.211Z: ActiveRecord connection established
2020-10-21T09:50:17.434Z: ActiveRecord connection established
2020-10-21T09:51:17.656Z: ActiveRecord connection established
2020-10-21T09:52:17.880Z: ActiveRecord connection established
2020-10-21T09:53:18.107Z: ActiveRecord connection established
2020-10-21T09:53:47.935Z: Gitlab::Metrics::Samplers::GlobalSearchSampler: Error connecting to Redis on /var/opt/gitlab/redis/redis.socket (Errno::ENOENT), stopping
2020-10-21T09:55:00.648Z: Checking state of dynamic postgres partitions
2020-10-21T09:55:05.053Z: Checking state of dynamic postgres partitions
2020-10-21T09:55:45.355Z: ActiveRecord connection disconnected
2020-10-21T09:55:45.901Z: ActiveRecord connection established
2020-10-21T09:55:45.923Z: ActiveRecord connection established
2020-10-21T09:55:58.569Z: ActiveRecord connection established
2020-10-21T09:55:59.556Z: Checking state of dynamic postgres partitions
2020-10-21T09:56:31.172Z: ActiveRecord connection established
2020-10-21T09:57:31.175Z: ActiveRecord connection established
2020-10-21T09:58:35.440Z: Checking state of dynamic postgres partitions
2020-10-21T09:58:42.915Z: Checking state of dynamic postgres partitions
2020-10-21T09:59:36.402Z: ActiveRecord connection disconnected
2020-10-21T09:59:36.885Z: ActiveRecord connection established
2020-10-21T09:59:36.915Z: ActiveRecord connection established
2020-10-21T09:59:41.919Z: ActiveRecord connection established
2020-10-21T09:59:43.147Z: Checking state of dynamic postgres partitions
2020-10-21T10:00:02.117Z: ActiveRecord connection established
2020-10-21T10:00:18.026Z: StuckCiJobsWorker: Cleaning stuck builds
2020-10-21T10:03:45.436Z: Checking state of dynamic postgres partitions
2020-10-21T10:03:50.328Z: Checking state of dynamic postgres partitions
2020-10-21T10:04:26.630Z: ActiveRecord connection disconnected
2020-10-21T10:04:26.907Z: ActiveRecord connection established
2020-10-21T10:04:26.978Z: ActiveRecord connection established
2020-10-21T10:04:43.597Z: ActiveRecord connection established
2020-10-21T10:04:44.528Z: Checking state of dynamic postgres partitions
2020-10-21T10:06:16.781Z: Checking state of dynamic postgres partitions
2020-10-21T10:06:30.614Z: Checking state of dynamic postgres partitions
2020-10-21T10:07:20.820Z: ActiveRecord connection disconnected
2020-10-21T10:07:21.250Z: ActiveRecord connection established
2020-10-21T10:07:21.492Z: ActiveRecord connection established
2020-10-21T10:07:30.643Z: ActiveRecord connection established
2020-10-21T10:07:32.157Z: Checking state of dynamic postgres partitions
2020-10-21T10:07:46.736Z: ActiveRecord connection established
2020-10-21T10:08:46.752Z: ActiveRecord connection established
2020-10-21T10:11:07.083Z: ActiveRecord connection established
2020-10-21T10:12:07.113Z: ActiveRecord connection established
2020-10-21T10:14:07.341Z: ActiveRecord connection established
2020-10-21T10:16:07.348Z: ActiveRecord connection established
2020-10-21T10:18:07.591Z: ActiveRecord connection established
2020-10-21T10:20:26.414Z: ActiveRecord connection established
