{"severity":"DEBUG","time":"2020-10-21T08:28:09.546Z","correlation_id":null,"message":"ActiveRecord connection established"}
{"severity":"DEBUG","time":"2020-10-21T08:29:09.553Z","correlation_id":null,"message":"ActiveRecord connection established"}
{"severity":"DEBUG","time":"2020-10-21T08:32:29.720Z","correlation_id":null,"message":"ActiveRecord connection established"}
{"severity":"DEBUG","time":"2020-10-21T08:33:29.933Z","correlation_id":null,"message":"ActiveRecord connection established"}
{"severity":"DEBUG","time":"2020-10-21T08:35:30.147Z","correlation_id":null,"message":"ActiveRecord connection established"}
{"severity":"DEBUG","time":"2020-10-21T08:37:30.247Z","correlation_id":null,"message":"ActiveRecord connection established"}
{"severity":"DEBUG","time":"2020-10-21T08:38:30.549Z","correlation_id":null,"message":"ActiveRecord connection established"}
{"severity":"DEBUG","time":"2020-10-21T08:39:50.757Z","correlation_id":null,"message":"ActiveRecord connection established"}
{"severity":"DEBUG","time":"2020-10-21T08:41:50.978Z","correlation_id":null,"message":"ActiveRecord connection established"}
{"severity":"WARN","time":"2020-10-21T08:42:31.121Z","correlation_id":"Eg83BuQv24a","message":"Cached record for Appearance couldn't be loaded, falling back to uncached record: PG::ConnectionBad: PQconsumeInput() server closed the connection unexpectedly\n\tThis probably means the server terminated abnormally\n\tbefore or while processing the request.\n"}
{"severity":"INFO","time":"2020-10-21T08:43:40.925Z","correlation_id":null,"message":"Checking state of dynamic postgres partitions"}
{"severity":"INFO","time":"2020-10-21T08:43:48.016Z","correlation_id":null,"message":"Checking state of dynamic postgres partitions"}
{"severity":"DEBUG","time":"2020-10-21T08:44:31.121Z","correlation_id":null,"message":"ActiveRecord connection disconnected"}
{"severity":"DEBUG","time":"2020-10-21T08:44:31.622Z","correlation_id":null,"message":"ActiveRecord connection established"}
{"severity":"DEBUG","time":"2020-10-21T08:44:31.608Z","correlation_id":null,"message":"ActiveRecord connection established"}
{":severity":"DEBUG",":time":"2020-10-21T08:44:40.750Z","correlation_id":null,":message":"ActiveRecord connection established"}
{"severity":"INFO","time":"2020-10-21T08:44:41.675Z","correlation_id":null,"message":"Checking state of dynamic postgres partitions"}
{"severity":"DEBUG","time":"2020-10-21T08:45:56.868Z","correlation_id":null,"message":"ActiveRecord connection established"}
{"severity":"INFO","time":"2020-10-21T08:47:36.272Z","correlation_id":null,"message":"Checking state of dynamic postgres partitions"}
{"severity":"INFO","time":"2020-10-21T08:47:43.330Z","correlation_id":null,"message":"Checking state of dynamic postgres partitions"}
{"severity":"DEBUG","time":"2020-10-21T08:48:26.590Z","correlation_id":null,"message":"ActiveRecord connection disconnected"}
{"severity":"DEBUG","time":"2020-10-21T08:48:27.153Z","correlation_id":null,"message":"ActiveRecord connection established"}
{"severity":"DEBUG","time":"2020-10-21T08:48:27.177Z","correlation_id":null,"message":"ActiveRecord connection established"}
{":severity":"DEBUG",":time":"2020-10-21T08:48:39.150Z","correlation_id":null,":message":"ActiveRecord connection established"}
{"severity":"INFO","time":"2020-10-21T08:48:41.867Z","correlation_id":null,"message":"Checking state of dynamic postgres partitions"}
{"severity":"DEBUG","time":"2020-10-21T08:48:52.407Z","correlation_id":null,"message":"ActiveRecord connection established"}
{"severity":"DEBUG","time":"2020-10-21T08:51:12.636Z","correlation_id":null,"message":"ActiveRecord connection established"}
{"severity":"DEBUG","time":"2020-10-21T08:53:12.653Z","correlation_id":null,"message":"ActiveRecord connection established"}
{"severity":"INFO","time":"2020-10-21T08:54:25.064Z","correlation_id":null,"message":"Checking state of dynamic postgres partitions"}
{"severity":"INFO","time":"2020-10-21T08:54:33.533Z","correlation_id":null,"message":"Checking state of dynamic postgres partitions"}
{"severity":"DEBUG","time":"2020-10-21T08:55:05.159Z","correlation_id":null,"message":"ActiveRecord connection disconnected"}
{"severity":"DEBUG","time":"2020-10-21T08:55:05.527Z","correlation_id":null,"message":"ActiveRecord connection established"}
{"severity":"DEBUG","time":"2020-10-21T08:55:05.597Z","correlation_id":null,"message":"ActiveRecord connection established"}
{":severity":"DEBUG",":time":"2020-10-21T08:55:27.044Z","correlation_id":null,":message":"ActiveRecord connection established"}
{"severity":"INFO","time":"2020-10-21T08:55:28.226Z","correlation_id":null,"message":"Checking state of dynamic postgres partitions"}
{"severity":"DEBUG","time":"2020-10-21T08:55:50.744Z","correlation_id":null,"message":"ActiveRecord connection established"}
{"severity":"INFO","time":"2020-10-21T08:57:36.421Z","correlation_id":null,"message":"Checking state of dynamic postgres partitions"}
{"severity":"INFO","time":"2020-10-21T08:57:40.600Z","correlation_id":null,"message":"Checking state of dynamic postgres partitions"}
{"severity":"DEBUG","time":"2020-10-21T08:58:19.421Z","correlation_id":null,"message":"ActiveRecord connection disconnected"}
{"severity":"DEBUG","time":"2020-10-21T08:58:19.838Z","correlation_id":null,"message":"ActiveRecord connection established"}
{"severity":"DEBUG","time":"2020-10-21T08:58:19.890Z","correlation_id":null,"message":"ActiveRecord connection established"}
{"severity":"INFO","time":"2020-10-21T08:59:29.567Z","correlation_id":null,"message":"Checking state of dynamic postgres partitions"}
{"severity":"INFO","time":"2020-10-21T08:59:37.858Z","correlation_id":null,"message":"Checking state of dynamic postgres partitions"}
{"severity":"DEBUG","time":"2020-10-21T09:00:22.184Z","correlation_id":null,"message":"ActiveRecord connection disconnected"}
{"severity":"DEBUG","time":"2020-10-21T09:00:22.652Z","correlation_id":null,"message":"ActiveRecord connection established"}
{"severity":"DEBUG","time":"2020-10-21T09:00:22.653Z","correlation_id":null,"message":"ActiveRecord connection established"}
{":severity":"DEBUG",":time":"2020-10-21T09:00:34.369Z","correlation_id":null,":message":"ActiveRecord connection established"}
{"severity":"INFO","time":"2020-10-21T09:00:35.658Z","correlation_id":null,"message":"Checking state of dynamic postgres partitions"}
{"severity":"INFO","time":"2020-10-21T09:00:43.942Z","correlation_id":"6fe37021688ff26bfbc8c619f789af27","message":"StuckCiJobsWorker: Cleaning stuck builds"}
{"severity":"DEBUG","time":"2020-10-21T09:00:48.027Z","correlation_id":null,"message":"ActiveRecord connection established"}
{"severity":"DEBUG","time":"2020-10-21T09:01:47.898Z","correlation_id":null,"message":"ActiveRecord connection established"}
{"severity":"DEBUG","time":"2020-10-21T09:03:08.118Z","correlation_id":null,"message":"ActiveRecord connection established"}
{"severity":"DEBUG","time":"2020-10-21T09:04:08.146Z","correlation_id":null,"message":"ActiveRecord connection established"}
{"severity":"DEBUG","time":"2020-10-21T09:05:08.146Z","correlation_id":null,"message":"ActiveRecord connection established"}
{"severity":"DEBUG","time":"2020-10-21T09:08:08.450Z","correlation_id":null,"message":"ActiveRecord connection established"}
{"severity":"DEBUG","time":"2020-10-21T09:09:08.715Z","correlation_id":null,"message":"ActiveRecord connection established"}
{"severity":"DEBUG","time":"2020-10-21T09:09:28.922Z","correlation_id":null,"message":"ActiveRecord connection established"}
{"severity":"INFO","time":"2020-10-21T09:10:53.815Z","correlation_id":null,"message":"Checking state of dynamic postgres partitions"}
{"severity":"INFO","time":"2020-10-21T09:10:59.533Z","correlation_id":null,"message":"Checking state of dynamic postgres partitions"}
{"severity":"DEBUG","time":"2020-10-21T09:11:35.853Z","correlation_id":null,"message":"ActiveRecord connection disconnected"}
{"severity":"DEBUG","time":"2020-10-21T09:11:36.168Z","correlation_id":null,"message":"ActiveRecord connection established"}
{"severity":"DEBUG","time":"2020-10-21T09:11:36.251Z","correlation_id":null,"message":"ActiveRecord connection established"}
{":severity":"DEBUG",":time":"2020-10-21T09:11:53.329Z","correlation_id":null,":message":"ActiveRecord connection established"}
{"severity":"INFO","time":"2020-10-21T09:11:54.241Z","correlation_id":null,"message":"Checking state of dynamic postgres partitions"}
{"severity":"DEBUG","time":"2020-10-21T09:12:21.448Z","correlation_id":null,"message":"ActiveRecord connection established"}
{"severity":"DEBUG","time":"2020-10-21T09:14:21.770Z","correlation_id":null,"message":"ActiveRecord connection established"}
{"severity":"DEBUG","time":"2020-10-21T09:15:41.987Z","correlation_id":null,"message":"ActiveRecord connection established"}
{"severity":"DEBUG","time":"2020-10-21T09:17:42.011Z","correlation_id":null,"message":"ActiveRecord connection established"}
{"severity":"DEBUG","time":"2020-10-21T09:18:42.019Z","correlation_id":null,"message":"ActiveRecord connection established"}
{"severity":"DEBUG","time":"2020-10-21T09:19:42.234Z","correlation_id":null,"message":"ActiveRecord connection established"}
{"severity":"DEBUG","time":"2020-10-21T09:21:02.453Z","correlation_id":null,"message":"ActiveRecord connection established"}
{"severity":"DEBUG","time":"2020-10-21T09:24:02.519Z","correlation_id":null,"message":"ActiveRecord connection established"}
{"severity":"DEBUG","time":"2020-10-21T09:26:02.826Z","correlation_id":null,"message":"ActiveRecord connection established"}
{"severity":"DEBUG","time":"2020-10-21T09:27:03.038Z","correlation_id":null,"message":"ActiveRecord connection established"}
{"severity":"INFO","time":"2020-10-21T09:39:14.048Z","correlation_id":null,"message":"Checking state of dynamic postgres partitions"}
{"severity":"INFO","time":"2020-10-21T09:39:19.476Z","correlation_id":null,"message":"Checking state of dynamic postgres partitions"}
{"severity":"DEBUG","time":"2020-10-21T09:40:10.066Z","correlation_id":null,"message":"ActiveRecord connection disconnected"}
{"severity":"DEBUG","time":"2020-10-21T09:40:10.845Z","correlation_id":null,"message":"ActiveRecord connection established"}
{"severity":"DEBUG","time":"2020-10-21T09:40:10.856Z","correlation_id":null,"message":"ActiveRecord connection established"}
{":severity":"DEBUG",":time":"2020-10-21T09:40:25.461Z","correlation_id":null,":message":"ActiveRecord connection established"}
{"severity":"INFO","time":"2020-10-21T09:40:26.486Z","correlation_id":null,"message":"Checking state of dynamic postgres partitions"}
{"severity":"DEBUG","time":"2020-10-21T09:41:36.153Z","correlation_id":null,"message":"ActiveRecord connection established"}
{"severity":"DEBUG","time":"2020-10-21T09:42:36.457Z","correlation_id":null,"message":"ActiveRecord connection established"}
{"severity":"DEBUG","time":"2020-10-21T09:43:56.701Z","correlation_id":null,"message":"ActiveRecord connection established"}
{"severity":"DEBUG","time":"2020-10-21T09:44:56.944Z","correlation_id":null,"message":"ActiveRecord connection established"}
{"severity":"DEBUG","time":"2020-10-21T09:45:57.183Z","correlation_id":null,"message":"ActiveRecord connection established"}
{"severity":"DEBUG","time":"2020-10-21T09:46:57.418Z","correlation_id":null,"message":"ActiveRecord connection established"}
{"severity":"DEBUG","time":"2020-10-21T09:47:57.189Z","correlation_id":null,"message":"ActiveRecord connection established"}
{"severity":"DEBUG","time":"2020-10-21T09:49:57.211Z","correlation_id":null,"message":"ActiveRecord connection established"}
{"severity":"DEBUG","time":"2020-10-21T09:50:17.435Z","correlation_id":null,"message":"ActiveRecord connection established"}
{"severity":"DEBUG","time":"2020-10-21T09:51:17.656Z","correlation_id":null,"message":"ActiveRecord connection established"}
{"severity":"DEBUG","time":"2020-10-21T09:52:17.880Z","correlation_id":null,"message":"ActiveRecord connection established"}
{"severity":"DEBUG","time":"2020-10-21T09:53:18.107Z","correlation_id":null,"message":"ActiveRecord connection established"}
{"severity":"WARN","time":"2020-10-21T09:53:47.936Z","correlation_id":null,"message":"Gitlab::Metrics::Samplers::GlobalSearchSampler: Error connecting to Redis on /var/opt/gitlab/redis/redis.socket (Errno::ENOENT), stopping"}
{"severity":"INFO","time":"2020-10-21T09:55:00.648Z","correlation_id":null,"message":"Checking state of dynamic postgres partitions"}
{"severity":"INFO","time":"2020-10-21T09:55:05.053Z","correlation_id":null,"message":"Checking state of dynamic postgres partitions"}
{"severity":"DEBUG","time":"2020-10-21T09:55:45.355Z","correlation_id":null,"message":"ActiveRecord connection disconnected"}
{"severity":"DEBUG","time":"2020-10-21T09:55:45.901Z","correlation_id":null,"message":"ActiveRecord connection established"}
{"severity":"DEBUG","time":"2020-10-21T09:55:45.923Z","correlation_id":null,"message":"ActiveRecord connection established"}
{":severity":"DEBUG",":time":"2020-10-21T09:55:58.569Z","correlation_id":null,":message":"ActiveRecord connection established"}
{"severity":"INFO","time":"2020-10-21T09:55:59.556Z","correlation_id":null,"message":"Checking state of dynamic postgres partitions"}
{"severity":"DEBUG","time":"2020-10-21T09:56:31.173Z","correlation_id":null,"message":"ActiveRecord connection established"}
{"severity":"DEBUG","time":"2020-10-21T09:57:31.176Z","correlation_id":null,"message":"ActiveRecord connection established"}
{"severity":"INFO","time":"2020-10-21T09:58:35.441Z","correlation_id":null,"message":"Checking state of dynamic postgres partitions"}
{"severity":"INFO","time":"2020-10-21T09:58:42.915Z","correlation_id":null,"message":"Checking state of dynamic postgres partitions"}
{"severity":"DEBUG","time":"2020-10-21T09:59:36.402Z","correlation_id":null,"message":"ActiveRecord connection disconnected"}
{"severity":"DEBUG","time":"2020-10-21T09:59:36.885Z","correlation_id":null,"message":"ActiveRecord connection established"}
{"severity":"DEBUG","time":"2020-10-21T09:59:36.915Z","correlation_id":null,"message":"ActiveRecord connection established"}
{":severity":"DEBUG",":time":"2020-10-21T09:59:41.919Z","correlation_id":null,":message":"ActiveRecord connection established"}
{"severity":"INFO","time":"2020-10-21T09:59:43.147Z","correlation_id":null,"message":"Checking state of dynamic postgres partitions"}
{"severity":"DEBUG","time":"2020-10-21T10:00:02.118Z","correlation_id":null,"message":"ActiveRecord connection established"}
{"severity":"INFO","time":"2020-10-21T10:00:18.048Z","correlation_id":"c66dc9c80e3e89df4a1921728ab7dff2","message":"StuckCiJobsWorker: Cleaning stuck builds"}
{"severity":"INFO","time":"2020-10-21T10:03:45.436Z","correlation_id":null,"message":"Checking state of dynamic postgres partitions"}
{"severity":"INFO","time":"2020-10-21T10:03:50.328Z","correlation_id":null,"message":"Checking state of dynamic postgres partitions"}
{"severity":"DEBUG","time":"2020-10-21T10:04:26.630Z","correlation_id":null,"message":"ActiveRecord connection disconnected"}
{"severity":"DEBUG","time":"2020-10-21T10:04:26.907Z","correlation_id":null,"message":"ActiveRecord connection established"}
{"severity":"DEBUG","time":"2020-10-21T10:04:26.978Z","correlation_id":null,"message":"ActiveRecord connection established"}
{":severity":"DEBUG",":time":"2020-10-21T10:04:43.597Z","correlation_id":null,":message":"ActiveRecord connection established"}
{"severity":"INFO","time":"2020-10-21T10:04:44.528Z","correlation_id":null,"message":"Checking state of dynamic postgres partitions"}
{"severity":"INFO","time":"2020-10-21T10:06:16.789Z","correlation_id":null,"message":"Checking state of dynamic postgres partitions"}
{"severity":"INFO","time":"2020-10-21T10:06:30.614Z","correlation_id":null,"message":"Checking state of dynamic postgres partitions"}
{"severity":"DEBUG","time":"2020-10-21T10:07:20.820Z","correlation_id":null,"message":"ActiveRecord connection disconnected"}
{"severity":"DEBUG","time":"2020-10-21T10:07:21.250Z","correlation_id":null,"message":"ActiveRecord connection established"}
{"severity":"DEBUG","time":"2020-10-21T10:07:21.492Z","correlation_id":null,"message":"ActiveRecord connection established"}
{":severity":"DEBUG",":time":"2020-10-21T10:07:30.643Z","correlation_id":null,":message":"ActiveRecord connection established"}
{"severity":"INFO","time":"2020-10-21T10:07:32.157Z","correlation_id":null,"message":"Checking state of dynamic postgres partitions"}
{"severity":"DEBUG","time":"2020-10-21T10:07:46.736Z","correlation_id":null,"message":"ActiveRecord connection established"}
{"severity":"DEBUG","time":"2020-10-21T10:08:46.752Z","correlation_id":null,"message":"ActiveRecord connection established"}
{"severity":"DEBUG","time":"2020-10-21T10:11:07.083Z","correlation_id":null,"message":"ActiveRecord connection established"}
{"severity":"DEBUG","time":"2020-10-21T10:12:07.114Z","correlation_id":null,"message":"ActiveRecord connection established"}
{"severity":"DEBUG","time":"2020-10-21T10:14:07.341Z","correlation_id":null,"message":"ActiveRecord connection established"}
{"severity":"DEBUG","time":"2020-10-21T10:16:07.348Z","correlation_id":null,"message":"ActiveRecord connection established"}
{"severity":"DEBUG","time":"2020-10-21T10:18:07.592Z","correlation_id":null,"message":"ActiveRecord connection established"}
{"severity":"DEBUG","time":"2020-10-21T10:20:26.414Z","correlation_id":null,"message":"ActiveRecord connection established"}
